<?xml version="1.0" encoding="UTF-8"?>
<testsuite xmlns:xsi="http://www.w3.org/2001/XMLSchema-instance" xsi:noNamespaceSchemaLocation="https://maven.apache.org/surefire/maven-surefire-plugin/xsd/surefire-test-report.xsd" name="RestAssuredAPI_Framework.RestAssuredAPI_Framework.AppTest" time="0.565" tests="1" errors="0" skipped="0" failures="0">
  <properties>
[...]
</properties>
  <testcase name="shouldAnswerWithTrue on shouldAnswerWithTrue(RestAssuredAPI_Framework.RestAssuredAPI_Framework.AppTest)" classname="RestAssuredAPI_Framework.RestAssuredAPI_Framework.AppTest" time="0.046"/>
</testsuite>